<?xml version="1.0" encoding="UTF-8"?>
<!-- Generated by org.testng.reporters.JUnitReportReporter -->
<testsuite ignored="0" hostname="DESKTOP-SIMJPDD" failures="0" tests="1" name="EndtoendProject.EtoE.HomepageModel" time="37.367" errors="0" timestamp="06 Oct 2021 19:34:05 GMT" skipped="0">
  <testcase classname="EndtoendProject.EtoE.HomepageModel" name="homePage" time="37.367"/>
</testsuite> <!-- EndtoendProject.EtoE.HomepageModel -->
