<?xml version="1.0" encoding="UTF-8"?>
<!-- Generated by org.testng.reporters.JUnitReportReporter -->
<testsuite hostname="DESKTOP-SIMJPDD" failures="0" tests="4" name="testCase.testCase" time="90.933" errors="0" timestamp="2021-10-26T16:06:36 IST" skipped="0">
  <testcase classname="testCase.testCase" name="homePage" time="30.979"/>
  <system-out/>
  <testcase classname="testCase.testCase" name="homePage" time="25.947"/>
  <system-out/>
  <testcase classname="testCase.testCase" name="homePage" time="12.226"/>
  <system-out/>
  <testcase classname="testCase.testCase" name="homePage" time="21.781"/>
  <system-out/>
</testsuite> <!-- testCase.testCase -->
