<?xml version="1.0" encoding="UTF-8"?>
<!-- Generated by org.testng.reporters.JUnitReportReporter -->
<testsuite hostname="DESKTOP-SIMJPDD" failures="0" tests="1" name="stringMethods.reverseAString" time="0.013" errors="0" timestamp="2021-11-16T12:17:35 IST" skipped="0">
  <testcase classname="stringMethods.reverseAString" name="stringMethods" time="0.013"/>
  <system-out/>
</testsuite> <!-- stringMethods.reverseAString -->
