<?xml version="1.0" encoding="UTF-8"?>
<!-- Generated by org.testng.reporters.JUnitReportReporter -->
<testsuite hostname="DESKTOP-SIMJPDD" failures="0" tests="7" name="url1testcases.dropDowns" time="22.221" errors="1" timestamp="2021-10-27T19:01:39 IST" skipped="0">
  <testcase classname="url1testcases.dropDowns" name="staticDropDownCase2" time="1.806"/>
  <system-out/>
  <testcase classname="url1testcases.dropDowns" name="staticDropDownCase3" time="6.378"/>
  <system-out/>
  <testcase classname="url1testcases.dropDowns" name="staticDropDownCase4" time="4.237"/>
  <system-out/>
  <testcase classname="url1testcases.dropDowns" name="staticDropDownCase0" time="3.124"/>
  <system-out/>
  <testcase classname="url1testcases.dropDowns" name="staticDropDownCase1" time="3.674"/>
  <system-out/>
  <testcase classname="url1testcases.dropDowns" name="staticDropDownCase6" time="1.201"/>
  <system-out/>
  <testcase classname="url1testcases.dropDowns" name="staticDropDownCase5" time="1.801">
    <error message="expected:&lt;&gt; but was:&lt;Seachhhhasd&gt;" type="junit.framework.ComparisonFailure">
      <![CDATA[junit.framework.ComparisonFailure: expected:<> but was:<Seachhhhasd>
at junit.framework.Assert.assertEquals(Assert.java:81)
at junit.framework.Assert.assertEquals(Assert.java:87)
at url1testcases.dropDowns.staticDropDownCase5(dropDowns.java:134)
at java.base/jdk.internal.reflect.NativeMethodAccessorImpl.invoke0(Native Method)
at java.base/jdk.internal.reflect.NativeMethodAccessorImpl.invoke(NativeMethodAccessorImpl.java:78)
at java.base/jdk.internal.reflect.DelegatingMethodAccessorImpl.invoke(DelegatingMethodAccessorImpl.java:43)
at java.base/java.lang.reflect.Method.invoke(Method.java:567)
at org.testng.internal.MethodInvocationHelper.invokeMethod(MethodInvocationHelper.java:133)
at org.testng.internal.TestInvoker.invokeMethod(TestInvoker.java:598)
at org.testng.internal.TestInvoker.invokeTestMethod(TestInvoker.java:173)
at org.testng.internal.MethodRunner.runInSequence(MethodRunner.java:46)
at org.testng.internal.TestInvoker$MethodInvocationAgent.invoke(TestInvoker.java:824)
at org.testng.internal.TestInvoker.invokeTestMethods(TestInvoker.java:146)
at org.testng.internal.TestMethodWorker.invokeTestMethods(TestMethodWorker.java:146)
at org.testng.internal.TestMethodWorker.run(TestMethodWorker.java:128)
at java.base/java.util.ArrayList.forEach(ArrayList.java:1511)
at org.testng.TestRunner.privateRun(TestRunner.java:794)
at org.testng.TestRunner.run(TestRunner.java:596)
at org.testng.SuiteRunner.runTest(SuiteRunner.java:377)
at org.testng.SuiteRunner.access$000(SuiteRunner.java:28)
at org.testng.SuiteRunner$SuiteWorker.run(SuiteRunner.java:418)
at org.testng.internal.thread.ThreadUtil.lambda$execute$0(ThreadUtil.java:64)
at java.base/java.util.concurrent.FutureTask.run(FutureTask.java:264)
at java.base/java.util.concurrent.ThreadPoolExecutor.runWorker(ThreadPoolExecutor.java:1130)
at java.base/java.util.concurrent.ThreadPoolExecutor$Worker.run(ThreadPoolExecutor.java:630)
at java.base/java.lang.Thread.run(Thread.java:831)
]]>
    </error>
  </testcase> <!-- staticDropDownCase5 -->
  <system-out/>
</testsuite> <!-- url1testcases.dropDowns -->
