<?xml version="1.0" encoding="UTF-8"?>
<!-- Generated by org.testng.reporters.JUnitReportReporter -->
<testsuite hostname="DESKTOP-SIMJPDD" failures="0" tests="1" name="methodExplanation.stringMethods" time="0.016" errors="0" timestamp="2021-11-17T22:35:30 IST" skipped="0">
  <testcase classname="methodExplanation.stringMethods" name="reverseStringArray" time="0.016"/>
  <system-out/>
</testsuite> <!-- methodExplanation.stringMethods -->
