<?xml version="1.0" encoding="UTF-8"?>
<!-- Generated by org.testng.reporters.JUnitReportReporter -->
<testsuite hostname="DESKTOP-SIMJPDD" failures="0" tests="1" name="methodExplanation.arrayListMethods" time="0.026" errors="0" timestamp="2021-11-30T12:05:46 IST" skipped="0">
  <testcase classname="methodExplanation.arrayListMethods" name="methods" time="0.026"/>
  <system-out/>
</testsuite> <!-- methodExplanation.arrayListMethods -->
