<?xml version="1.0" encoding="UTF-8"?>
<!-- Generated by org.testng.reporters.JUnitReportReporter -->
<testsuite hostname="DESKTOP-SIMJPDD" failures="0" tests="1" name="stringMethods.reverseAStringArray" time="0.011" errors="0" timestamp="2021-11-16T21:23:14 IST" skipped="0">
  <testcase classname="stringMethods.reverseAStringArray" name="reverseStringArray" time="0.011"/>
  <system-out/>
</testsuite> <!-- stringMethods.reverseAStringArray -->
