<?xml version="1.0" encoding="UTF-8"?>
<!-- Generated by org.testng.reporters.JUnitReportReporter -->
<testsuite hostname="DESKTOP-SIMJPDD" failures="0" tests="2" name="url1testcases.currencyDropDown" time="5.646" errors="0" timestamp="2021-10-25T11:44:46 IST" skipped="0">
  <testcase classname="url1testcases.currencyDropDown" name="case1" time="5.469"/>
  <system-out/>
  <testcase classname="url1testcases.currencyDropDown" name="driverClose" time="0.177"/>
  <system-out/>
</testsuite> <!-- url1testcases.currencyDropDown -->
