<?xml version="1.0" encoding="UTF-8"?>
<!-- Generated by org.testng.reporters.JUnitReportReporter -->
<testsuite hostname="DESKTOP-SIMJPDD" failures="0" tests="1" name="testCases.url2TestCases" time="7.879" errors="0" timestamp="2021-11-03T19:17:43 IST" skipped="0">
  <testcase classname="testCases.url2TestCases" name="Case4" time="7.879"/>
  <system-out/>
</testsuite> <!-- testCases.url2TestCases -->
