<?xml version="1.0" encoding="UTF-8"?>
<!-- Generated by org.testng.reporters.JUnitReportReporter -->
<testsuite hostname="DESKTOP-SIMJPDD" failures="0" tests="1" name="programsCases.stringMethods" time="0.012" errors="0" timestamp="2021-11-13T14:43:34 IST" skipped="0">
  <testcase classname="programsCases.stringMethods" name="methods" time="0.012"/>
  <system-out/>
</testsuite> <!-- programsCases.stringMethods -->
