<?xml version="1.0" encoding="UTF-8"?>
<!-- Generated by org.testng.reporters.JUnitReportReporter -->
<testsuite hostname="DESKTOP-SIMJPDD" failures="0" tests="2" name="testCase.validatingThings" time="0.906" errors="0" timestamp="2021-10-12T01:04:52 IST" skipped="0">
  <testcase classname="testCase.validatingThings" name="validateThings" time="0.398"/>
  <system-out/>
  <testcase classname="testCase.validatingThings" name="verifyTabVisible" time="0.508"/>
  <system-out/>
</testsuite> <!-- testCase.validatingThings -->
