<?xml version="1.0" encoding="UTF-8"?>
<!-- Generated by org.testng.reporters.JUnitReportReporter -->
<testsuite hostname="DESKTOP-SIMJPDD" failures="0" tests="4" name="testCase.testCase" time="69.114" errors="0" timestamp="2021-10-12T01:04:52 IST" skipped="0">
  <testcase classname="testCase.testCase" name="homePage" time="19.723"/>
  <system-out/>
  <testcase classname="testCase.testCase" name="homePage" time="16.115"/>
  <system-out/>
  <testcase classname="testCase.testCase" name="homePage" time="18.134"/>
  <system-out/>
  <testcase classname="testCase.testCase" name="homePage" time="15.142"/>
  <system-out/>
</testsuite> <!-- testCase.testCase -->
